 ⨯ Error: Cannot find module './chunks/vendor-chunks/next.js'
Require stack:
- C:\Users\rip\Downloads\datematch-main\.next\server\webpack-runtime.js
- C:\Users\rip\Downloads\datematch-main\.next\server\pages\_document.js
- C:\Users\rip\Downloads\datematch-main\node_modules\next\dist\server\require.js
- C:\Users\rip\Downloads\datematch-main\node_modules\next\dist\server\next-server.js
- C:\Users\rip\Downloads\datematch-main\node_modules\next\dist\server\next.js
- C:\Users\rip\Downloads\datematch-main\node_modules\next\dist\server\lib\start-server.js
- C:\Users\rip\Downloads\datematch-main\node_modules\next\dist\cli\next-start.js
    at Module.<anonymous> (node:internal/modules/cjs/loader:1475:15)
    at C:\Users\rip\Downloads\datematch-main\node_modules\next\dist\server\require-hook.js:55:36
    at wrapResolveFilename (node:internal/modules/cjs/loader:1048:27)
    at defaultResolveImplForCJSLoading (node:internal/modules/cjs/loader:1072:10)
    at resolveForCJSWithHooks (node:internal/modules/cjs/loader:1093:12)
    at Module._load (node:internal/modules/cjs/loader:1261:25)
    at wrapModuleLoad (node:internal/modules/cjs/loader:255:19)
    at Module.<anonymous> (node:internal/modules/cjs/loader:1575:12)
    at mod.require (C:\Users\rip\Downloads\datematch-main\node_modules\next\dist\server\require-hook.js:65:28)
    at require (node:internal/modules/helpers:191:16) {
  code: 'MODULE_NOT_FOUND',
  requireStack: [
    'C:\\Users\\rip\\Downloads\\datematch-main\\.next\\server\\webpack-runtime.js',
    'C:\\Users\\rip\\Downloads\\datematch-main\\.next\\server\\pages\\_document.js',
    'C:\\Users\\rip\\Downloads\\datematch-main\\node_modules\\next\\dist\\server\\require.js',
    'C:\\Users\\rip\\Downloads\\datematch-main\\node_modules\\next\\dist\\server\\next-server.js',
    'C:\\Users\\rip\\Downloads\\datematch-main\\node_modules\\next\\dist\\server\\next.js',
    'C:\\Users\\rip\\Downloads\\datematch-main\\node_modules\\next\\dist\\server\\lib\\start-server.js',
    'C:\\Users\\rip\\Downloads\\datematch-main\\node_modules\\next\\dist\\cli\\next-start.js'
  ]
}
 ⨯ Error: Cannot find module './chunks/vendor-chunks/next.js'
Require stack:
- C:\Users\rip\Downloads\datematch-main\.next\server\webpack-runtime.js
- C:\Users\rip\Downloads\datematch-main\.next\server\pages\_document.js
- C:\Users\rip\Downloads\datematch-main\node_modules\next\dist\server\require.js
- C:\Users\rip\Downloads\datematch-main\node_modules\next\dist\server\next-server.js
- C:\Users\rip\Downloads\datematch-main\node_modules\next\dist\server\next.js
- C:\Users\rip\Downloads\datematch-main\node_modules\next\dist\server\lib\start-server.js
- C:\Users\rip\Downloads\datematch-main\node_modules\next\dist\cli\next-start.js
    at Module.<anonymous> (node:internal/modules/cjs/loader:1475:15)
    at C:\Users\rip\Downloads\datematch-main\node_modules\next\dist\server\require-hook.js:55:36
    at wrapResolveFilename (node:internal/modules/cjs/loader:1048:27)
    at defaultResolveImplForCJSLoading (node:internal/modules/cjs/loader:1072:10)
    at resolveForCJSWithHooks (node:internal/modules/cjs/loader:1093:12)
    at Module._load (node:internal/modules/cjs/loader:1261:25)
    at wrapModuleLoad (node:internal/modules/cjs/loader:255:19)
    at Module.<anonymous> (node:internal/modules/cjs/loader:1575:12)
    at mod.require (C:\Users\rip\Downloads\datematch-main\node_modules\next\dist\server\require-hook.js:65:28)
    at require (node:internal/modules/helpers:191:16) {
  code: 'MODULE_NOT_FOUND',
  requireStack: [
    'C:\\Users\\rip\\Downloads\\datematch-main\\.next\\server\\webpack-runtime.js',
    'C:\\Users\\rip\\Downloads\\datematch-main\\.next\\server\\pages\\_document.js',
    'C:\\Users\\rip\\Downloads\\datematch-main\\node_modules\\next\\dist\\server\\require.js',
    'C:\\Users\\rip\\Downloads\\datematch-main\\node_modules\\next\\dist\\server\\next-server.js',
    'C:\\Users\\rip\\Downloads\\datematch-main\\node_modules\\next\\dist\\server\\next.js',
    'C:\\Users\\rip\\Downloads\\datematch-main\\node_modules\\next\\dist\\server\\lib\\start-server.js',
    'C:\\Users\\rip\\Downloads\\datematch-main\\node_modules\\next\\dist\\cli\\next-start.js'
  ]
}
