
> datematch@0.1.0 dev:safe
> node scripts/dev-safe.cjs dev

  ▲ Next.js 14.2.16
  - Local:        http://localhost:3003
  - Environments: .env.local

 ✓ Starting...
 ✓ Ready in 1987ms
 ○ Compiling / ...
 ✓ Compiled / in 16.2s (1305 modules)
 ✓ Compiled in 583ms (643 modules)
 HEAD / 200 in 48ms
 GET / 200 in 56ms
 ✓ Compiled in 16.8s (643 modules)
 ✓ Compiled in 197ms (643 modules)
 ✓ Compiled in 339ms (643 modules)
 ✓ Compiled in 6.6s (643 modules)
 ✓ Compiled in 736ms (643 modules)
 ✓ Compiled in 30.8s (643 modules)
 ✓ Compiled in 8.5s (643 modules)
 HEAD / 200 in 2509ms
 ○ Compiling /quiz ...
 ✓ Compiled /quiz in 8.3s (1324 modules)
 ✓ Compiled / in 151ms (653 modules)
 ○ Compiling /_error ...
 ✓ Compiled /_error in 1908ms (1547 modules)
 GET / 500 in 2958ms
 ○ Compiling /find-matches ...
 ✓ Compiled /find-matches in 1236ms (1697 modules)
 GET /find-matches?userId=1 200 in 1422ms
 ✓ Compiled /chat in 288ms (1709 modules)
 GET /chat?userId=1&targetUserId=2 200 in 373ms
 ○ Compiling /api/users ...
 ✓ Compiled /api/users in 1081ms (923 modules)
Database path: C:\Users\rip\Downloads\datematch-main\datematch.db
Ensured match_confirmations table exists
Ensured chat_messages table exists
 GET /api/users 200 in 3541ms
 ✓ Compiled /quiz in 225ms (948 modules)
 GET /quiz 200 in 407ms
 ○ Compiling /results ...
 ✓ Compiled /results in 4.3s (2937 modules)
 GET /results 200 in 5413ms
 GET / 200 in 51ms
 GET /quiz 200 in 56ms
 ✓ Compiled /_not-found in 320ms (2938 modules)
 GET /_next/static/css/app/layout.css?v=1772975196727 404 in 500ms
 GET /_next/static/chunks/main-app.js?v=1772975196727 404 in 313ms
 GET /_next/static/chunks/app/not-found.js 404 in 311ms
 GET /_next/static/chunks/app/quiz/page.js 404 in 312ms
 GET /_next/static/chunks/app-pages-internals.js 404 in 311ms
 GET /favicon.ico 500 in 48ms
 GET /favicon.ico 500 in 8ms
 GET /icon.png 500 in 6ms
 GET /favicon.ico 500 in 6ms
 GET /quiz 200 in 81ms
 GET /_next/static/css/app/layout.css?v=1772975206637 404 in 46ms
 GET /_next/static/chunks/main-app.js?v=1772975206637 404 in 52ms
 GET /_next/static/chunks/app/quiz/page.js 404 in 50ms
 GET /_next/static/chunks/app-pages-internals.js 404 in 51ms
 GET /_next/static/chunks/app/not-found.js 404 in 49ms
 GET /favicon.ico 500 in 6ms
 GET /favicon.ico 500 in 10ms
 GET /icon.png 500 in 6ms
 GET /favicon.ico 500 in 7ms
 GET /quiz 200 in 63ms
 GET /_next/static/css/app/layout.css?v=1772975223090 404 in 81ms
 GET /_next/static/chunks/app-pages-internals.js 404 in 27ms
 GET /_next/static/chunks/main-app.js?v=1772975223090 404 in 29ms
 GET /_next/static/chunks/app/quiz/page.js 404 in 27ms
 GET /_next/static/chunks/app/not-found.js 404 in 27ms
 GET /favicon.ico 500 in 4ms
 GET /favicon.ico 500 in 4ms
 GET /icon.png 500 in 3ms
 GET /favicon.ico 500 in 3ms
 ✓ Compiled in 728ms (1468 modules)
 ✓ Compiled in 203ms (1468 modules)
 ✓ Compiled in 179ms (1468 modules)
 ✓ Compiled in 239ms (1468 modules)
 ✓ Compiled in 259ms (1468 modules)
 ✓ Compiled in 137ms (1468 modules)
 ✓ Compiled in 145ms (1468 modules)
 ✓ Compiled in 407ms (1516 modules)
 ✓ Compiled in 176ms (1468 modules)
 ✓ Compiled in 207ms (1468 modules)
 ✓ Compiled in 216ms (1468 modules)
 ✓ Compiled in 227ms (1468 modules)
 ✓ Compiled in 232ms (1468 modules)
 ✓ Compiled in 241ms (1468 modules)
 ✓ Compiled in 228ms (1468 modules)
 ✓ Compiled in 1308ms (1468 modules)
 ✓ Compiled in 965ms (1468 modules)
 ✓ Compiled in 395ms (1468 modules)
 ✓ Compiled in 251ms (1468 modules)
 ✓ Compiled in 236ms (1468 modules)
 ✓ Compiled in 2.2s (1516 modules)
 ✓ Compiled in 249ms (1468 modules)
 ✓ Compiled in 212ms (1468 modules)
 ✓ Compiled in 1151ms (1468 modules)
