npm warn Unknown project config "enable-source-maps". This will stop working in the next major version of npm. See `npm help npmrc` for supported config options.
 ⚠ Port 3000 is in use, trying 3001 instead.
 ⚠ Port 3001 is in use, trying 3002 instead.
 ⚠ Port 3002 is in use, trying 3003 instead.
[PostHog.js] No `apiKey` or `client` were provided to `PostHogProvider`. Using default global `window.posthog` instance. You must initialize it manually. This is not recommended behavior.
[PostHog.js] No `apiKey` or `client` were provided to `PostHogProvider`. Using default global `window.posthog` instance. You must initialize it manually. This is not recommended behavior.
[PostHog.js] No `apiKey` or `client` were provided to `PostHogProvider`. Using default global `window.posthog` instance. You must initialize it manually. This is not recommended behavior.
[PostHog.js] No `apiKey` or `client` were provided to `PostHogProvider`. Using default global `window.posthog` instance. You must initialize it manually. This is not recommended behavior.
[PostHog.js] No `apiKey` or `client` were provided to `PostHogProvider`. Using default global `window.posthog` instance. You must initialize it manually. This is not recommended behavior.
 ⨯ TypeError: Cannot read properties of undefined (reading 'clientModules')
    at C:\Users\rip\Downloads\datematch-main\node_modules\next\dist\compiled\next-server\app-page.runtime.dev.js:39:25496
    at C:\Users\rip\Downloads\datematch-main\node_modules\next\dist\server\lib\trace\tracer.js:191:62
    at C:\Users\rip\Downloads\datematch-main\node_modules\next\dist\server\lib\trace\tracer.js:140:36
    at NoopContextManager.with (C:\Users\rip\Downloads\datematch-main\node_modules\next\dist\compiled\@opentelemetry\api\index.js:1:7062)
    at ContextAPI.with (C:\Users\rip\Downloads\datematch-main\node_modules\next\dist\compiled\@opentelemetry\api\index.js:1:518)
    at NoopTracer.startActiveSpan (C:\Users\rip\Downloads\datematch-main\node_modules\next\dist\compiled\@opentelemetry\api\index.js:1:18093)
    at ProxyTracer.startActiveSpan (C:\Users\rip\Downloads\datematch-main\node_modules\next\dist\compiled\@opentelemetry\api\index.js:1:18854)
    at C:\Users\rip\Downloads\datematch-main\node_modules\next\dist\server\lib\trace\tracer.js:122:103
    at NoopContextManager.with (C:\Users\rip\Downloads\datematch-main\node_modules\next\dist\compiled\@opentelemetry\api\index.js:1:7062)
    at ContextAPI.with (C:\Users\rip\Downloads\datematch-main\node_modules\next\dist\compiled\@opentelemetry\api\index.js:1:518)
    at NextTracerImpl.trace (C:\Users\rip\Downloads\datematch-main\node_modules\next\dist\server\lib\trace\tracer.js:122:28)
    at C:\Users\rip\Downloads\datematch-main\node_modules\next\dist\server\lib\trace\tracer.js:191:31
    at r3 (C:\Users\rip\Downloads\datematch-main\node_modules\next\dist\compiled\next-server\app-page.runtime.dev.js:41:1678)
    at async doRender (C:\Users\rip\Downloads\datematch-main\node_modules\next\dist\server\base-server.js:1413:30)
    at async cacheEntry.responseCache.get.routeKind (C:\Users\rip\Downloads\datematch-main\node_modules\next\dist\server\base-server.js:1574:28) {
  page: '/'
}
[PostHog.js] No `apiKey` or `client` were provided to `PostHogProvider`. Using default global `window.posthog` instance. You must initialize it manually. This is not recommended behavior.
[PostHog.js] No `apiKey` or `client` were provided to `PostHogProvider`. Using default global `window.posthog` instance. You must initialize it manually. This is not recommended behavior.
[PostHog.js] No `apiKey` or `client` were provided to `PostHogProvider`. Using default global `window.posthog` instance. You must initialize it manually. This is not recommended behavior.
[PostHog.js] No `apiKey` or `client` were provided to `PostHogProvider`. Using default global `window.posthog` instance. You must initialize it manually. This is not recommended behavior.
[PostHog.js] No `apiKey` or `client` were provided to `PostHogProvider`. Using default global `window.posthog` instance. You must initialize it manually. This is not recommended behavior.
[PostHog.js] No `apiKey` or `client` were provided to `PostHogProvider`. Using default global `window.posthog` instance. You must initialize it manually. This is not recommended behavior.
[PostHog.js] No `apiKey` or `client` were provided to `PostHogProvider`. Using default global `window.posthog` instance. You must initialize it manually. This is not recommended behavior.
[PostHog.js] No `apiKey` or `client` were provided to `PostHogProvider`. Using default global `window.posthog` instance. You must initialize it manually. This is not recommended behavior.
[PostHog.js] No `apiKey` or `client` were provided to `PostHogProvider`. Using default global `window.posthog` instance. You must initialize it manually. This is not recommended behavior.
[PostHog.js] No `apiKey` or `client` were provided to `PostHogProvider`. Using default global `window.posthog` instance. You must initialize it manually. This is not recommended behavior.
[PostHog.js] No `apiKey` or `client` were provided to `PostHogProvider`. Using default global `window.posthog` instance. You must initialize it manually. This is not recommended behavior.
[PostHog.js] No `apiKey` or `client` were provided to `PostHogProvider`. Using default global `window.posthog` instance. You must initialize it manually. This is not recommended behavior.
[PostHog.js] No `apiKey` or `client` were provided to `PostHogProvider`. Using default global `window.posthog` instance. You must initialize it manually. This is not recommended behavior.
[PostHog.js] No `apiKey` or `client` were provided to `PostHogProvider`. Using default global `window.posthog` instance. You must initialize it manually. This is not recommended behavior.
[PostHog.js] No `apiKey` or `client` were provided to `PostHogProvider`. Using default global `window.posthog` instance. You must initialize it manually. This is not recommended behavior.
[PostHog.js] No `apiKey` or `client` were provided to `PostHogProvider`. Using default global `window.posthog` instance. You must initialize it manually. This is not recommended behavior.
[PostHog.js] No `apiKey` or `client` were provided to `PostHogProvider`. Using default global `window.posthog` instance. You must initialize it manually. This is not recommended behavior.
[PostHog.js] No `apiKey` or `client` were provided to `PostHogProvider`. Using default global `window.posthog` instance. You must initialize it manually. This is not recommended behavior.
[PostHog.js] No `apiKey` or `client` were provided to `PostHogProvider`. Using default global `window.posthog` instance. You must initialize it manually. This is not recommended behavior.
[PostHog.js] No `apiKey` or `client` were provided to `PostHogProvider`. Using default global `window.posthog` instance. You must initialize it manually. This is not recommended behavior.
[PostHog.js] No `apiKey` or `client` were provided to `PostHogProvider`. Using default global `window.posthog` instance. You must initialize it manually. This is not recommended behavior.
[PostHog.js] No `apiKey` or `client` were provided to `PostHogProvider`. Using default global `window.posthog` instance. You must initialize it manually. This is not recommended behavior.
[PostHog.js] No `apiKey` or `client` were provided to `PostHogProvider`. Using default global `window.posthog` instance. You must initialize it manually. This is not recommended behavior.
<w> [webpack.cache.PackFileCacheStrategy] Caching failed for pack: Error: ENOENT: no such file or directory, lstat 'C:\Users\rip\Downloads\datematch-main\.next\server\vendor-chunks\clsx.js'
<w> [webpack.cache.PackFileCacheStrategy/webpack.FileSystemInfo] Resolving './vendor-chunks/clsx' in C:\Users\rip\Downloads\datematch-main\.next\server for build dependencies doesn't lead to expected result 'C:\Users\rip\Downloads\datematch-main\.next\server\vendor-chunks\clsx.js', but to 'Error: Can't resolve './vendor-chunks/clsx' in 'C:\Users\rip\Downloads\datematch-main\.next\server'' instead. Resolving dependencies are ignored for this path.
<w>  at resolve commonjs file ./vendor-chunks/clsx (expected C:\Users\rip\Downloads\datematch-main\.next\server\vendor-chunks\clsx.js)
<w>  at file dependencies C:\Users\rip\Downloads\datematch-main\.next\server\webpack-runtime.js
<w>  at file C:\Users\rip\Downloads\datematch-main\.next\server\webpack-runtime.js
<w>  at file dependencies C:\Users\rip\Downloads\datematch-main\.next\server\app\quiz\page.js
<w>  at file C:\Users\rip\Downloads\datematch-main\.next\server\app\quiz\page.js
<w>  at file dependencies C:\Users\rip\Downloads\datematch-main\node_modules\next\dist\server\require.js
<w>  at file C:\Users\rip\Downloads\datematch-main\node_modules\next\dist\server\require.js
<w>  at file dependencies C:\Users\rip\Downloads\datematch-main\node_modules\next\dist\server\load-components.js
<w>  at file C:\Users\rip\Downloads\datematch-main\node_modules\next\dist\server\load-components.js
<w>  at file dependencies C:\Users\rip\Downloads\datematch-main\node_modules\next\dist\build\utils.js
<w>  at file C:\Users\rip\Downloads\datematch-main\node_modules\next\dist\build\utils.js
<w>  at file dependencies C:\Users\rip\Downloads\datematch-main\node_modules\next\dist\build\webpack\loaders\next-route-loader\index.js
<w>  at file C:\Users\rip\Downloads\datematch-main\node_modules\next\dist\build\webpack\loaders\next-route-loader\index.js
<w>  at resolve commonjs C:\Users\rip\Downloads\datematch-main\node_modules\next\dist\build\webpack\loaders\next-route-loader\index.js
<w> [webpack.cache.PackFileCacheStrategy/webpack.FileSystemInfo] Resolving './vendor-chunks/motion-utils' in C:\Users\rip\Downloads\datematch-main\.next\server for build dependencies doesn't lead to expected result 'C:\Users\rip\Downloads\datematch-main\.next\server\vendor-chunks\motion-utils.js', but to 'Error: Can't resolve './vendor-chunks/motion-utils' in 'C:\Users\rip\Downloads\datematch-main\.next\server'' instead. Resolving dependencies are ignored for this path.
<w>  at resolve commonjs file ./vendor-chunks/motion-utils (expected C:\Users\rip\Downloads\datematch-main\.next\server\vendor-chunks\motion-utils.js)
<w>  at file dependencies C:\Users\rip\Downloads\datematch-main\.next\server\webpack-runtime.js
<w>  at file C:\Users\rip\Downloads\datematch-main\.next\server\webpack-runtime.js
<w>  at file dependencies C:\Users\rip\Downloads\datematch-main\.next\server\app\quiz\page.js
<w>  at file C:\Users\rip\Downloads\datematch-main\.next\server\app\quiz\page.js
<w>  at file dependencies C:\Users\rip\Downloads\datematch-main\node_modules\next\dist\server\require.js
<w>  at file C:\Users\rip\Downloads\datematch-main\node_modules\next\dist\server\require.js
<w>  at file dependencies C:\Users\rip\Downloads\datematch-main\node_modules\next\dist\server\load-components.js
<w>  at file C:\Users\rip\Downloads\datematch-main\node_modules\next\dist\server\load-components.js
<w>  at file dependencies C:\Users\rip\Downloads\datematch-main\node_modules\next\dist\build\utils.js
<w>  at file C:\Users\rip\Downloads\datematch-main\node_modules\next\dist\build\utils.js
<w>  at file dependencies C:\Users\rip\Downloads\datematch-main\node_modules\next\dist\build\webpack\loaders\next-route-loader\index.js
<w>  at file C:\Users\rip\Downloads\datematch-main\node_modules\next\dist\build\webpack\loaders\next-route-loader\index.js
<w>  at resolve commonjs C:\Users\rip\Downloads\datematch-main\node_modules\next\dist\build\webpack\loaders\next-route-loader\index.js
<w> [webpack.cache.PackFileCacheStrategy] Caching failed for pack: Error: ENOENT: no such file or directory, rename 'C:\Users\rip\Downloads\datematch-main\.next\cache\webpack\client-development\1.pack.gz_' -> 'C:\Users\rip\Downloads\datematch-main\.next\cache\webpack\client-development\1.pack.gz'
<w> [webpack.cache.PackFileCacheStrategy] Caching failed for pack: Error: EPERM: operation not permitted, rename 'C:\Users\rip\Downloads\datematch-main\.next\cache\webpack\client-development\5.pack.gz_' -> 'C:\Users\rip\Downloads\datematch-main\.next\cache\webpack\client-development\5.pack.gz'
<w> [webpack.cache.PackFileCacheStrategy] Caching failed for pack: Error: ENOENT: no such file or directory, rename 'C:\Users\rip\Downloads\datematch-main\.next\cache\webpack\client-development\1.pack.gz_' -> 'C:\Users\rip\Downloads\datematch-main\.next\cache\webpack\client-development\1.pack.gz'
