
> datematch@0.1.0 build
> next build

  ▲ Next.js 14.2.16
  - Environments: .env.local
  - Experiments (use with caution):
    · cpus
    · workerThreads
    · webpackBuildWorker

   Creating an optimized production build ...
 ✓ Compiled successfully
   Linting and checking validity of types ...
   Collecting page data ...
Database path: C:\Users\rip\Downloads\datematch-main\datematch.db
Ensured email_login_tokens table exists
Ensured match_confirmations table exists
Ensured chat_messages table exists
   Generating static pages (0/24) ...
   Generating static pages (6/24) 
   Generating static pages (12/24) 
   Generating static pages (18/24) 
 ✓ Generating static pages (24/24)
   Finalizing page optimization ...
   Collecting build traces ...

Route (app)                              Size     First Load JS
┌ ○ /                                    3.43 kB         142 kB
├ ○ /_not-found                          153 B          87.5 kB
├ ƒ /api/auth/email-login/request        0 B                0 B
├ ƒ /api/auth/email-login/verify-token   0 B                0 B
├ ƒ /api/auth/logout                     0 B                0 B
├ ƒ /api/auth/session                    0 B                0 B
├ ƒ /api/chat/contacts                   0 B                0 B
├ ƒ /api/chat/messages                   0 B                0 B
├ ƒ /api/find-matches                    0 B                0 B
├ ƒ /api/kamachat/open-session           0 B                0 B
├ ƒ /api/match-confirmations             0 B                0 B
├ ƒ /api/og                              0 B                0 B
├ ƒ /api/submit-profile                  0 B                0 B
├ ○ /api/users                           0 B                0 B
├ ƒ /api/verify-email                    0 B                0 B
├ ○ /apple-icon.png                      0 B                0 B
├ ○ /chat                                4.34 kB         136 kB
├ ○ /dev-channel-2                       11.4 kB         161 kB
├ ○ /email-login                         2.95 kB         106 kB
├ ○ /feedback                            2.75 kB         106 kB
├ ○ /find-match                          24.6 kB         174 kB
├ ƒ /find-matches                        153 B          87.5 kB
├ ○ /icon.png                            0 B                0 B
├ ○ /icon.svg                            0 B                0 B
├ ○ /login                               3.44 kB         106 kB
├ ○ /quiz                                26.1 kB         158 kB
└ ○ /results                             105 kB          244 kB
+ First Load JS shared by all            87.4 kB
  ├ chunks/117-2d8f815ec52b48e2.js       31.8 kB
  ├ chunks/fd9d1056-99c4763920dd157f.js  53.6 kB
  └ other shared chunks (total)          2.01 kB


○  (Static)   prerendered as static content
ƒ  (Dynamic)  server-rendered on demand

