 ⚠ Using edge runtime on a page currently disables static generation for that page
[TypeError: Failed to parse URL from http://localhost:undefined?key=undefined&method=revalidateTag&args=%5B%5B%5D%5D] {
  [cause]: TypeError: Invalid URL
      at new URL (node:internal/url:819:25)
      at new Request (node:internal/deps/undici/undici:11061:25)
      at fetch (node:internal/deps/undici/undici:11986:25)
      at fetch (node:internal/deps/undici/undici:16579:10)
      at fetch (node:internal/bootstrap/web/exposed-window-or-worker:83:12)
      at i (C:\Users\rip\Downloads\datematch-main\node_modules\next\dist\compiled\next-server\app-page.runtime.prod.js:12:180486)
      at C:\Users\rip\Downloads\datematch-main\node_modules\next\dist\compiled\next-server\app-route.runtime.prod.js:6:30565
      at NextTracerImpl.trace (C:\Users\rip\Downloads\datematch-main\node_modules\next\dist\server\lib\trace\tracer.js:105:20)
      at n (C:\Users\rip\Downloads\datematch-main\node_modules\next\dist\compiled\next-server\app-route.runtime.prod.js:6:30278)
      at invokeRequest (C:\Users\rip\Downloads\datematch-main\node_modules\next\dist\server\lib\server-ipc\invoke-request.js:17:18) {
    code: 'ERR_INVALID_URL',
    input: 'http://localhost:undefined?key=undefined&method=revalidateTag&args=%5B%5B%5D%5D'
  }
}
[TypeError: Failed to parse URL from http://localhost:undefined?key=undefined&method=revalidateTag&args=%5B%5B%5D%5D] {
  [cause]: TypeError: Invalid URL
      at new URL (node:internal/url:819:25)
      at new Request (node:internal/deps/undici/undici:11061:25)
      at fetch (node:internal/deps/undici/undici:11986:25)
      at fetch (node:internal/deps/undici/undici:16579:10)
      at fetch (node:internal/bootstrap/web/exposed-window-or-worker:83:12)
      at i (C:\Users\rip\Downloads\datematch-main\node_modules\next\dist\compiled\next-server\app-page.runtime.prod.js:12:180486)
      at C:\Users\rip\Downloads\datematch-main\node_modules\next\dist\compiled\next-server\app-route.runtime.prod.js:6:30565
      at NextTracerImpl.trace (C:\Users\rip\Downloads\datematch-main\node_modules\next\dist\server\lib\trace\tracer.js:105:20)
      at n (C:\Users\rip\Downloads\datematch-main\node_modules\next\dist\compiled\next-server\app-route.runtime.prod.js:6:30278)
      at invokeRequest (C:\Users\rip\Downloads\datematch-main\node_modules\next\dist\server\lib\server-ipc\invoke-request.js:17:18) {
    code: 'ERR_INVALID_URL',
    input: 'http://localhost:undefined?key=undefined&method=revalidateTag&args=%5B%5B%5D%5D'
  }
}
[TypeError: Failed to parse URL from http://localhost:undefined?key=undefined&method=revalidateTag&args=%5B%5B%5D%5D] {
  [cause]: TypeError: Invalid URL
      at new URL (node:internal/url:819:25)
      at new Request (node:internal/deps/undici/undici:11061:25)
      at fetch (node:internal/deps/undici/undici:11986:25)
      at fetch (node:internal/deps/undici/undici:16579:10)
      at fetch (node:internal/bootstrap/web/exposed-window-or-worker:83:12)
      at i (C:\Users\rip\Downloads\datematch-main\node_modules\next\dist\compiled\next-server\app-page.runtime.prod.js:12:180486)
      at C:\Users\rip\Downloads\datematch-main\node_modules\next\dist\compiled\next-server\app-route.runtime.prod.js:6:30565
      at NextTracerImpl.trace (C:\Users\rip\Downloads\datematch-main\node_modules\next\dist\server\lib\trace\tracer.js:105:20)
      at n (C:\Users\rip\Downloads\datematch-main\node_modules\next\dist\compiled\next-server\app-route.runtime.prod.js:6:30278)
      at invokeRequest (C:\Users\rip\Downloads\datematch-main\node_modules\next\dist\server\lib\server-ipc\invoke-request.js:17:18) {
    code: 'ERR_INVALID_URL',
    input: 'http://localhost:undefined?key=undefined&method=revalidateTag&args=%5B%5B%5D%5D'
  }
}
[TypeError: Failed to parse URL from http://localhost:undefined?key=undefined&method=revalidateTag&args=%5B%5B%5D%5D] {
  [cause]: TypeError: Invalid URL
      at new URL (node:internal/url:819:25)
      at new Request (node:internal/deps/undici/undici:11061:25)
      at fetch (node:internal/deps/undici/undici:11986:25)
      at fetch (node:internal/deps/undici/undici:16579:10)
      at fetch (node:internal/bootstrap/web/exposed-window-or-worker:83:12)
      at i (C:\Users\rip\Downloads\datematch-main\node_modules\next\dist\compiled\next-server\app-page.runtime.prod.js:12:180486)
      at C:\Users\rip\Downloads\datematch-main\node_modules\next\dist\compiled\next-server\app-route.runtime.prod.js:6:30565
      at NextTracerImpl.trace (C:\Users\rip\Downloads\datematch-main\node_modules\next\dist\server\lib\trace\tracer.js:105:20)
      at n (C:\Users\rip\Downloads\datematch-main\node_modules\next\dist\compiled\next-server\app-route.runtime.prod.js:6:30278)
      at invokeRequest (C:\Users\rip\Downloads\datematch-main\node_modules\next\dist\server\lib\server-ipc\invoke-request.js:17:18) {
    code: 'ERR_INVALID_URL',
    input: 'http://localhost:undefined?key=undefined&method=revalidateTag&args=%5B%5B%5D%5D'
  }
}
TypeError: Failed to parse URL from http://localhost:undefined?key=undefined&method=revalidateTag&args=%5B%5B%5D%5D
    at new Request (node:internal/deps/undici/undici:11063:19)
    at i (C:\Users\rip\Downloads\datematch-main\node_modules\next\dist\compiled\next-server\app-page.runtime.prod.js:12:180562)
    ... 6 lines matching cause stack trace ...
    at C:\Users\rip\Downloads\datematch-main\node_modules\next\dist\compiled\next-server\app-route.runtime.prod.js:6:37458
    at async eC.execute (C:\Users\rip\Downloads\datematch-main\node_modules\next\dist\compiled\next-server\app-route.runtime.prod.js:6:27552) {
  [cause]: TypeError: Invalid URL
      at new URL (node:internal/url:819:25)
      at new Request (node:internal/deps/undici/undici:11061:25)
      at i (C:\Users\rip\Downloads\datematch-main\node_modules\next\dist\compiled\next-server\app-page.runtime.prod.js:12:180562)
      at C:\Users\rip\Downloads\datematch-main\node_modules\next\dist\compiled\next-server\app-route.runtime.prod.js:6:30565
      at NextTracerImpl.trace (C:\Users\rip\Downloads\datematch-main\node_modules\next\dist\server\lib\trace\tracer.js:105:20)
      at n (C:\Users\rip\Downloads\datematch-main\node_modules\next\dist\compiled\next-server\app-route.runtime.prod.js:6:30278)
      at invokeRequest (C:\Users\rip\Downloads\datematch-main\node_modules\next\dist\server\lib\server-ipc\invoke-request.js:17:18)
      at invokeIpcMethod (C:\Users\rip\Downloads\datematch-main\node_modules\next\dist\server\lib\server-ipc\request-utils.js:45:60)
      at IncrementalCache.revalidateTag (C:\Users\rip\Downloads\datematch-main\node_modules\next\dist\server\lib\incremental-cache\index.js:174:20)
      at C:\Users\rip\Downloads\datematch-main\node_modules\next\dist\compiled\next-server\app-route.runtime.prod.js:6:37458 {
    code: 'ERR_INVALID_URL',
    input: 'http://localhost:undefined?key=undefined&method=revalidateTag&args=%5B%5B%5D%5D'
  }
}
